hlcsg v3.4 VL34 linux (Oct  9 2016)
Zoner's Half-Life Compilation Tools -- Custom Build
Based on code modifications by Sean 'Zoner' Cavanaugh
Based on Valve's version, modified with permission.
Submit detailed bug reports to (vluzacn@163.com)
-----  BEGIN  hlcsg -----
Command line: /home/nabil-ippon/.steam/steam/steamapps/common/Half-Life/tools/hlcsg /home/nabil-ippon/.local/share/Steam/steamapps/common/Half-Life/npc-talker/maps/npc1 
Arguments: /home/nabil-ippon/.local/share/Steam/steamapps/common/Half-Life/npc-talker/maps/npc1 -low -wadautodetect 
Entering /home/nabil-ippon/.local/share/Steam/steamapps/common/Half-Life/npc-talker/maps/npc1.map

Current hlcsg Settings
Name                 |  Setting  |  Default
---------------------|-----------|-------------------------
threads               [       8 ] [  Varies ]
verbose               [     off ] [     off ]
log                   [      on ] [      on ]
reset logfile         [      on ] [      on ]
developer             [       0 ] [       0 ]
chart                 [     off ] [     off ]
estimate              [      on ] [      on ]
max texture memory    [ 33554432 ] [ 33554432 ]
max lighting memory   [ 50331648 ] [ 50331648 ]
priority              [     Low ] [  Normal ]

noclip                [     off ] [     off ]
null texture stripping[      on ] [      on ]
clipnode economy mode [     off ] [     off ]
clip hull type        [  simple ] [  simple ]
onlyents              [     off ] [     off ]
wadtextures           [      on ] [      on ]
skyclip               [      on ] [      on ]
hullfile              [    None ] [    None ]
wad configuration file[    None ] [    None ]
wad.cfg group name    [    None ] [    None ]
nullfile              [    None ] [    None ]
nullify trigger       [      on ] [      on ]
min surface area      [   0.000 ] [   0.000 ]
brush union threshold [   0.000 ] [   0.000 ]
map scaling           [    None ] [    None ]
light name optimize   [      on ] [      on ]

Using mapfile wad configuration
Wadfiles not in use by the map will be excluded
Wadinclude list :
[zhlt.wad]

CreateBrush:
 (0.00 seconds)
CSGBrush:
 (0.00 seconds)

Using Wadfile: /home/nabil-ippon/.steam/steam/steamapps/common/Half-Life/valve/halflife.wad
 - Contains 7 used textures, 100.00 percent of map (3116 textures in wad)

Wad files required to run the map: "halflife.wad;"
Texture usage is at 0.10 mb (of 32.00 mb MAX)
0.01 seconds elapsed

-----   END   hlcsg -----



hlbsp v3.4 VL34 linux (Oct  9 2016)
Zoner's Half-Life Compilation Tools -- Custom Build
Based on code modifications by Sean 'Zoner' Cavanaugh
Based on Valve's version, modified with permission.
Submit detailed bug reports to (vluzacn@163.com)
-----  BEGIN  hlbsp -----
Command line: /home/nabil-ippon/.steam/steam/steamapps/common/Half-Life/tools/hlbsp /home/nabil-ippon/.local/share/Steam/steamapps/common/Half-Life/npc-talker/maps/npc1 
Arguments: /home/nabil-ippon/.local/share/Steam/steamapps/common/Half-Life/npc-talker/maps/npc1 -low -chart 

Current hlbsp Settings
Name               |  Setting  |  Default
-------------------|-----------|-------------------------
threads             [       8 ] [  Varies ]
verbose             [     off ] [     off ]
log                 [      on ] [      on ]
developer           [       0 ] [       0 ]
chart               [      on ] [     off ]
estimate            [      on ] [      on ]
max texture memory  [ 33554432 ] [ 33554432 ]
priority            [     Low ] [  Normal ]

noclip              [     off ] [     off ]
nofill              [     off ] [     off ]
noinsidefill        [     off ] [     off ]
noopt               [     off ] [     off ]
no clipnode merging [     off ] [     off ]
null tex. stripping [      on ] [      on ]
notjunc             [     off ] [     off ]
nobrink             [     off ] [     off ]
subdivide size      [     240 ] [     240 ] (Min 64) (Max 512)
max node size       [    1024 ] [    1024 ] (Min 64) (Max 65536)
remove hull 2       [     off ] [     off ]


SolidBSP [hull 0] 31 (0.00 seconds)
BSP generation successful, writing portal file '/home/nabil-ippon/.local/share/Steam/steamapps/common/Half-Life/npc-talker/maps/npc1.prt'
SolidBSP [hull 1] 34 (0.00 seconds)
SolidBSP [hull 2] 34 (0.00 seconds)
SolidBSP [hull 3] 34 (0.00 seconds)
Reduced 33 clipnodes to 33
Reduced 13 texinfos to 8
Reduced 7 texdatas to 7 (312 bytes to 312)
Reduced 136 planes to 37
FixBrinks:
Increased 33 clipnodes to 33.

Object names  Objects/Maxobjs  Memory / Maxmem  Fullness
------------  ---------------  ---------------  --------
models              1/512           64/32768    ( 0.2%)
planes             37/32768        740/655360   ( 0.1%)
vertexes           48/65535        576/786420   ( 0.1%)
nodes              12/32767        288/786408   ( 0.0%)
texinfos            8/32767        320/1310680  ( 0.0%)
faces              36/65535        720/1310700  ( 0.1%)
* worldfaces       36/32768          0/0        ( 0.1%)
clipnodes          33/32767        264/262136   ( 0.1%)
leaves              7/32760        196/917280   ( 0.0%)
* worldleaves       6/8192           0/0        ( 0.1%)
marksurfaces       60/65535        120/131070   ( 0.1%)
surfedges         160/512000       640/2048000  ( 0.0%)
edges              81/256000       324/1024000  ( 0.0%)
texdata          [variable]        312/33554432 ( 0.0%)
lightdata        [variable]          0/50331648 ( 0.0%)
visdata          [variable]          0/8388608  ( 0.0%)
entdata          [variable]       1008/2097152  ( 0.0%)
* AllocBlock        1/64             0/0        ( 1.6%)
7 textures referenced
=== Total BSP file data space used: 5572 bytes ===
Wad files required to run the map: "halflife.wad;"
0.01 seconds elapsed

-----   END   hlbsp -----



hlvis v3.4 VL34 linux (Oct  9 2016)
Zoner's Half-Life Compilation Tools -- Custom Build
Based on code modifications by Sean 'Zoner' Cavanaugh
Based on Valve's version, modified with permission.
Submit detailed bug reports to (vluzacn@163.com)
-----  BEGIN  hlvis -----
Command line: /home/nabil-ippon/.steam/steam/steamapps/common/Half-Life/tools/hlvis /home/nabil-ippon/.local/share/Steam/steamapps/common/Half-Life/npc-talker/maps/npc1 
Arguments: /home/nabil-ippon/.local/share/Steam/steamapps/common/Half-Life/npc-talker/maps/npc1 -low 
   6 portalleafs
  12 numportals

-= Current hlvis Settings =-
Name               |  Setting  |  Default
-------------------|-----------|-------------------------
threads             [       8 ] [  Varies ]
verbose             [     off ] [     off ]
log                 [      on ] [      on ]
developer           [       0 ] [       0 ]
chart               [     off ] [     off ]
estimate            [      on ] [      on ]
max texture memory  [ 33554432 ] [ 33554432 ]
max vis distance    [       0 ] [       0 ]
priority            [     Low ] [  Normal ]

fast vis            [     off ] [     off ]
full vis            [     off ] [     off ]


BasePortalVis:
 (0.00 seconds)
LeafThread:
 (0.00 seconds)
average leafs visible: 5
g_visdatasize:6  compressed from 6
0.00 seconds elapsed

-----   END   hlvis -----



hlrad v3.4 VL34 linux (Oct  9 2016)
Zoner's Half-Life Compilation Tools -- Custom Build
Based on code modifications by Sean 'Zoner' Cavanaugh
Based on Valve's version, modified with permission.
Submit detailed bug reports to (vluzacn@163.com)
-----  BEGIN  hlrad -----
Command line: /home/nabil-ippon/.steam/steam/steamapps/common/Half-Life/tools/hlrad /home/nabil-ippon/.local/share/Steam/steamapps/common/Half-Life/npc-talker/maps/npc1 
Arguments: /home/nabil-ippon/.local/share/Steam/steamapps/common/Half-Life/npc-talker/maps/npc1 -low 

-= Current hlrad Settings =-
Name                | Setting             | Default
--------------------|---------------------|-------------------------
threads              [                 8 ] [            Varies ]
verbose              [               off ] [               off ]
log                  [                on ] [                on ]
developer            [                 0 ] [                 0 ]
chart                [               off ] [               off ]
estimate             [                on ] [                on ]
max texture memory   [          33554432 ] [          33554432 ]
max lighting memory  [          50331648 ] [          50331648 ]
priority             [               Low ] [            Normal ]

fast rad             [               off ] [               off ]
vismatrix algorithm  [            Sparse ] [            Sparse ]
oversampling (-extra)[               off ] [               off ]
bounces              [                 8 ] [                 8 ]
ambient light        [ 0.000 0.000 0.000 ] [ 0.000 0.000 0.000 ]
light limit threshold[           188.000 ] [           188.000 ]
circus mode          [               off ] [               off ]

smoothing threshold  [            50.000 ] [            50.000 ]
smoothing threshold 2[         no change ] [         no change ]
direct threshold     [            10.000 ] [            10.000 ]
direct light scale   [             1.000 ] [             1.000 ]
coring threshold     [             0.010 ] [             0.010 ]
patch interpolation  [                on ] [                on ]

texscale             [                on ] [                on ]
patch subdividing    [                on ] [                on ]
chop value           [            64.000 ] [            64.000 ]
texchop value        [            32.000 ] [            32.000 ]

global fade          [             1.000 ] [             1.000 ]
global texlight gap  [             0.000 ] [             0.000 ]
global light scale   [ 2.000 2.000 2.000 ] [ 2.000 2.000 2.000 ]
global gamma         [ 0.550 0.550 0.550 ] [ 0.550 0.550 0.550 ]
global light scale   [             2.000 ] [             2.000 ]
global sky diffusion [             1.000 ] [             1.000 ]

spread angles        [                on ] [                on ]
opaque entities      [                on ] [                on ]
sky lighting fix     [                on ] [                on ]
incremental          [               off ] [               off ]
dump                 [               off ] [               off ]

colour jitter        [       0.0 0.0 0.0 ] [       0.0 0.0 0.0 ]
monochromatic jitter [       0.0 0.0 0.0 ] [       0.0 0.0 0.0 ]

custom shadows with bounce light
                     [               off ] [               off ]
rgb transfers        [               off ] [               off ]
minimum final light  [                 0 ] [                 0 ]
size of transfer     [         1 (16bit) ] [         1 (16bit) ]
size of rgbtransfer  [         2 (32bit) ] [         2 (32bit) ]
soft sky             [                on ] [                on ]
translucent depth    [             2.000 ] [             2.000 ]
block opaque         [                on ] [                on ]
ignore textures      [               off ] [               off ]
reflectivity gamma   [             1.760 ] [             1.760 ]
reflectivity scale   [             0.700 ] [             0.700 ]
blur size            [             1.500 ] [             1.500 ]
no emitter range     [               off ] [               off ]
wall bleeding fix    [                on ] [                on ]


Load Textures:
Using Wadfile: /home/nabil-ippon/.local/share/Steam/steamapps/common/Half-Life/npc-talker/maps/npc1.wa_
7 textures referenced
Reading texlights from '/home/nabil-ippon/.steam/steam/steamapps/common/Half-Life/tools/lights.rad'
0 opaque models
0 opaque faces
36 faces
Create Patches : 280 base patches
6055 square feet [871936.00 square inches]
1 direct lights and 0 fast direct lights
1 light styles

FindFacePositions:
 (0.01 seconds)
BuildFacelights:
 (0.01 seconds)
BuildVisLeafs:
 (0.00 seconds)
visibility matrix   :   0.0 megs
MakeScales:
 (0.01 seconds)
Transfer Lists :       55942 :    55.94k transfers
       Indices :        9368 :     9.15k bytes
          Data :      112718 :   110.08k bytes
Bounce 1 GatherLight:
 (0.00 seconds)
Bounce 2 GatherLight:
 (0.00 seconds)
Bounce 3 GatherLight:
 (0.00 seconds)
Bounce 4 GatherLight:
 (0.00 seconds)
Bounce 5 GatherLight:
 (0.00 seconds)
Bounce 6 GatherLight:
 (0.00 seconds)
Bounce 7 GatherLight:
 (0.03 seconds)
Bounce 8 GatherLight:
 (0.01 seconds)
CreateTriangulations:
 (0.00 seconds)
AddPatchLights:
 (0.03 seconds)
FinalLightFace:
 (0.00 seconds)
0.16 seconds elapsed

-----   END   hlrad -----



