7
13
1
1
1
1
1
1
1
4 0 5 (252.000000 20.000000 0.000000) (256.000000 20.000000 -0.000000) (256.000000 20.000000 30.000000) (252.000000 20.000000 30.000000) 
4 0 6 (-256.000000 20.000000 50.000000) (-256.000000 20.000000 -0.000000) (252.000000 20.000000 0.000000) (252.000000 20.000000 50.000000) 
4 0 1 (256.000000 20.000000 86.000000) (256.000000 20.000000 160.000000) (224.000000 20.000000 160.000000) (224.000000 20.000000 86.000000) 
4 0 3 (-256.000000 20.000000 160.000000) (-256.000000 20.000000 50.000000) (224.000000 20.000000 50.000000) (224.000000 20.000000 160.000000) 
4 1 2 (256.000000 -21.000000 86.000000) (256.000000 -21.000000 160.000000) (224.000000 -21.000000 160.000000) (224.000000 -21.000000 86.000000) 
4 1 3 (224.000000 20.000000 160.000000) (224.000000 20.000000 86.000000) (224.000000 -21.000000 86.000000) (224.000000 -21.000000 160.000000) 
4 2 4 (256.000000 -21.000000 50.000000) (256.000000 -256.000000 50.000000) (252.000000 -256.000000 50.000000) (252.000000 -21.000000 50.000000) 
4 2 6 (252.000000 -256.000000 50.000000) (224.000000 -256.000000 50.000000) (224.000000 -21.000000 50.000000) (252.000000 -21.000000 50.000000) 
4 2 3 (224.000000 -21.000000 50.000000) (224.000000 -256.000000 50.000000) (224.000000 -256.000000 160.000000) (224.000000 -21.000000 160.000000) 
4 3 6 (-256.000000 -256.000000 50.000000) (-256.000000 20.000000 50.000000) (224.000000 20.000000 50.000000) (224.000000 -256.000000 50.000000) 
4 4 5 (256.000000 -20.000000 30.000000) (256.000000 -256.000000 30.000000) (252.000000 -256.000000 30.000000) (252.000000 -20.000000 30.000000) 
4 4 6 (252.000000 -256.000000 30.000000) (252.000000 -256.000000 50.000000) (252.000000 -20.000000 50.000000) (252.000000 -20.000000 30.000000) 
4 5 6 (252.000000 -256.000000 -0.000000) (252.000000 -256.000000 30.000000) (252.000000 20.000000 30.000000) (252.000000 20.000000 -0.000000) 
